<?xml version="1.0" encoding="UTF-8"?>
<!-- Generated by org.testng.reporters.JUnitReportReporter -->
<testsuite hostname="Zakaria-Rafik" failures="0" tests="1" name="Appium.Appiumproject.Appium" time="١٣.١١٦" errors="0" timestamp="٢٠٢٥-٠٧-٠٩T٠١:٠٠:٥٨ EEST" skipped="0">
  <testcase classname="Appium.Appiumproject.Appium" name="AppiumStrat" time="١٣.١١٦"/>
</testsuite> <!-- Appium.Appiumproject.Appium -->
