<?xml version="1.0" encoding="UTF-8"?>
<!-- Generated by org.testng.reporters.JUnitReportReporter -->
<testsuite hostname="Zakaria-Rafik" failures="0" tests="1" name="Appium.Appiumproject.gesturesLongPress" time="١٢.٤٢٠" errors="0" timestamp="٢٠٢٥-٠٧-١٠T١٧:٠٦:٤٩ EEST" skipped="0">
  <testcase classname="Appium.Appiumproject.gesturesLongPress" name="AppiumStrat" time="١٢.٤٢٠"/>
</testsuite> <!-- Appium.Appiumproject.gesturesLongPress -->
