<?xml version="1.0" encoding="UTF-8"?>
<!-- Generated by org.testng.reporters.JUnitReportReporter -->
<testsuite hostname="Zakaria-Rafik" failures="0" tests="1" name="Appium.Appiumproject.DragDropDemo" time="٨.٠٥٦" errors="0" timestamp="٢٠٢٥-٠٧-١٣T١٧:٢٢:٥٤ EEST" skipped="0">
  <testcase classname="Appium.Appiumproject.DragDropDemo" name="AppiumStrat" time="٨.٠٥٦"/>
</testsuite> <!-- Appium.Appiumproject.DragDropDemo -->
