<?xml version="1.0" encoding="UTF-8"?>
<!-- Generated by org.testng.reporters.JUnitReportReporter -->
<testsuite hostname="Zakaria-Rafik" failures="0" tests="1" name="Appium.Appiumproject.SetNameWifi" time="٢٥.٠٥١" errors="0" timestamp="٢٠٢٥-٠٧-١٣T١٨:١٨:٠٨ EEST" skipped="0">
  <testcase classname="Appium.Appiumproject.SetNameWifi" name="AppiumStrat" time="٢٥.٠٥١"/>
</testsuite> <!-- Appium.Appiumproject.SetNameWifi -->
