<?xml version="1.0" encoding="UTF-8"?>
<!-- Generated by org.testng.reporters.JUnitReportReporter -->
<testsuite hostname="Zakaria-Rafik" failures="0" tests="1" name="Appium.Appiumproject.PressKeyAndDirectellyPage" time="١٤.٨٨٣" errors="0" timestamp="٢٠٢٥-٠٧-١٣T٢١:٠٤:٥٢ EEST" skipped="0">
  <testcase classname="Appium.Appiumproject.PressKeyAndDirectellyPage" name="AppiumStrat" time="١٤.٨٨٣"/>
</testsuite> <!-- Appium.Appiumproject.PressKeyAndDirectellyPage -->
