<?xml version="1.0" encoding="UTF-8"?>
<!-- Generated by org.testng.reporters.JUnitReportReporter -->
<testsuite hostname="Zakaria-Rafik" failures="0" tests="1" name="Appium.Appiumproject.SwipDemoTest" time="١٣.٨٠٦" errors="0" timestamp="٢٠٢٥-٠٧-١٣T١٦:٥٣:١٦ EEST" skipped="0">
  <testcase classname="Appium.Appiumproject.SwipDemoTest" name="AppiumStrat" time="١٣.٨٠٦"/>
</testsuite> <!-- Appium.Appiumproject.SwipDemoTest -->
